DataFrame = df_dep
precision : 0.9258365508365508
recall : 0.956575940162061
f1 : 0.9409552617057367

DataFrame = df_intra
precision : 0.6600035379444543
recall : 0.8793306622672638
f1 : 0.7540420371867422

DataFrame = df_inter
precision : 0.3628831814415907
recall : 0.7357222844344905
f1 : 0.4860366191973367

DataFrame = df_dep_passive
precision : 0.8898862956313585
recall : 0.9568854568854569
f1 : 0.9221705426356588

DataFrame = df_intra_passive
precision : 0.5255319148936171
recall : 0.8576388888888888
f1 : 0.6517150395778364

DataFrame = df_exo
precision : 0.7567200651642683
recall : 0.9511945392491468
f1 : 0.8428852260698624

