DataFrame = df_dep
precision : 0.9122793096607816
recall : 0.9702928517174445
f1 : 0.9403922049771998

DataFrame = df_intra
precision : 0.6533905579399142
recall : 0.9179932465026531
f1 : 0.7634139003109017

DataFrame = df_inter
precision : 0.3818609513852588
recall : 0.8454861111111112
f1 : 0.5261073100468131

DataFrame = df_dep_passive
precision : 0.8821428571428571
recall : 0.9623376623376624
f1 : 0.920496894409938

DataFrame = df_intra_passive
precision : 0.5253164556962026
recall : 0.8706293706293706
f1 : 0.6552631578947369

DataFrame = df_exo
precision : 0.7528781793842034
recall : 0.9686531174646917
f1 : 0.8472431455257607

