DataFrame = df_dep
precision : 0.9016464987105733
recall : 0.9699530516431925
f1 : 0.934553305232857

DataFrame = df_intra
precision : 0.6446351931330472
recall : 0.9169719169719169
f1 : 0.7570564516129031

DataFrame = df_inter
precision : 0.3737584945112389
recall : 0.8426635238656452
f1 : 0.5178345102299474

DataFrame = df_dep_passive
precision : 0.8636904761904762
recall : 0.9615639496355202
f1 : 0.9100031357792412

DataFrame = df_intra_passive
precision : 0.5189873417721519
recall : 0.8692579505300353
f1 : 0.6499339498018494

DataFrame = df_exo
precision : 0.7132530120481928
recall : 0.9669691470054447
f1 : 0.8209553158705701
