DataFrame = df_dep
precision : 0.9380312474702501 (23175/24706)
recall : 0.8944768227256937 (23175/25909)
f1 : 0.9157364417662747

DataFrame = df_intra
precision : 0.7078671639140472 (3986/5631)
recall : 0.6465531224655312 (3986/6165)
f1 : 0.6758223126483554

DataFrame = df_inter
precision : 0.46194298367008024 (1669/3613)
recall : 0.4077693623259223 (1669/4093)
f1 : 0.43316895925253046

DataFrame = df_dep_passive
precision : 0.9157959434542102 (1490/1627)
recall : 0.857307249712313 (1490/1738)
f1 : 0.8855869242199109

DataFrame = df_intra_passive
precision : 0.5822510822510822 (269/462)
recall : 0.5264187866927593 (269/511)
f1 : 0.552929085303186

DataFrame = df_inter_passive
precision : 0.2727272727272727 (99/363)
recall : 0.24087591240875914 (99/411)
f1 : 0.2558139534883721

DataFrame = df_exo
precision : 0.7045640885487838 (2578/3659)
recall : 0.6738107684265552 (2578/3826)
f1 : 0.6888443553774215

DataFrame = df_zero
precision : 0.6380686662016585 (8233/12903)
recall : 0.584564044305595 (8233/14084)
f1 : 0.6101456256716197