DataFrame = df_dep
precision : 0.935005701254276 (22960/24556)
recall : 0.8861785479949053 (22960/25909)
f1 : 0.9099375805013377

DataFrame = df_intra
precision : 0.7287244401168452 (3742/5135)
recall : 0.6069748580697486 (3742/6165)
f1 : 0.6623008849557522

DataFrame = df_inter
precision : 0.4587259705993215 (1217/2653)
recall : 0.2973369166870266 (1217/4093)
f1 : 0.3608064037948413

DataFrame = df_dep_passive
precision : 0.9114484503478811 (1441/1581)
recall : 0.8291139240506329 (1441/1738)
f1 : 0.8683338354926182

DataFrame = df_intra_passive
precision : 0.6876790830945558 (240/349)
recall : 0.46966731898238745 (240/511)
f1 : 0.5581395348837209

DataFrame = df_inter_passive
precision : 0.38596491228070173 (66/171)
recall : 0.16058394160583941 (66/411)
f1 : 0.2268041237113402

DataFrame = df_zero
precision : 0.636748844375963 (4959/7788)
recall : 0.48342756872684733 (4959/10258)
f1 : 0.5495954782223207
